<?xml version="1.0" encoding="UTF-8"?>
<!-- Generated by org.testng.reporters.JUnitReportReporter -->
<testsuite hostname="Nanda" failures="0" tests="1" name="gettingStarted.LoginLogOutTestNG" time="11.167" errors="0" timestamp="2024-09-21T13:58:17 IST" skipped="0">
  <testcase classname="gettingStarted.LoginLogOutTestNG" name="loginTest" time="11.167"/>
</testsuite> <!-- gettingStarted.LoginLogOutTestNG -->
